<?xml version="1.0" encoding="UTF-8"?>
<!-- Generated by org.testng.reporters.JUnitReportReporter -->
<testsuite skipped="0" hostname="EG-HGALAL-2" name="tests.AddCustomerCase" tests="2" failures="0" timestamp="02 Nov 2020 17:41:01 GMT" time="166.215" errors="0">
  <testcase name="AddnewPlanRate" time="83.566" classname="tests.AddCustomerCase"/>
  <testcase name="AddnewPlanRate" time="82.649" classname="tests.AddCustomerCase"/>
</testsuite> <!-- tests.AddCustomerCase -->
