<?xml version="1.0" encoding="UTF-8"?>
<!-- Generated by org.testng.reporters.JUnitReportReporter -->
<testsuite skipped="0" hostname="EG-HGalal-2" name="Assertion.NewTest" tests="1" failures="0" timestamp="21 Aug 2019 09:28:46 GMT" time="3.273" errors="0">
  <testcase name="f1" time="3.273" classname="Assertion.NewTest"/>
</testsuite> <!-- Assertion.NewTest -->
