<?xml version="1.0" encoding="UTF-8"?>
<!-- Generated by org.testng.reporters.JUnitReportReporter -->
<testsuite skipped="0" hostname="EG-HGalal-2" name="tests.ValidateClearCriteriaButton" tests="1" failures="0" timestamp="15 Sep 2019 10:14:17 GMT" time="15.640" errors="0">
  <testcase name="ValidateClearCriteriaBtn" time="15.640" classname="tests.ValidateClearCriteriaButton"/>
</testsuite> <!-- tests.ValidateClearCriteriaButton -->
