<?xml version="1.0" encoding="UTF-8"?>
<!-- Generated by org.testng.reporters.JUnitReportReporter -->
<testsuite hostname="EG-H8LM3B3" failures="0" tests="1" name="tests.AgentSettingsTest" time="0.000" errors="0" timestamp="05 Jan 2022 17:21:54 GMT" skipped="1">
  <testcase classname="tests.AgentSettingsTest" name="CheckAgentSetting" time="0.000">
    <skipped/>
  </testcase> <!-- CheckAgentSetting -->
</testsuite> <!-- tests.AgentSettingsTest -->
