<?xml version="1.0" encoding="UTF-8"?>
<!-- Generated by org.testng.reporters.JUnitReportReporter -->
<testsuite skipped="0" hostname="EG-HGalal-2" name="testdata.Read" tests="4" failures="0" timestamp="27 Aug 2019 09:28:16 GMT" time="0.012" errors="0">
  <testcase name="Test" time="0.001" classname="testdata.Read"/>
  <testcase name="Test" time="0.001" classname="testdata.Read"/>
  <testcase name="Test" time="0.009" classname="testdata.Read"/>
  <testcase name="Test" time="0.001" classname="testdata.Read"/>
</testsuite> <!-- testdata.Read -->
