<?xml version="1.0" encoding="UTF-8"?>
<!-- Generated by org.testng.reporters.JUnitReportReporter -->
<testsuite skipped="0" hostname="EG-HGalal-2" name="tests.ValidateCDCMisMatch" tests="4" failures="0" timestamp="11 Sep 2019 13:19:56 GMT" time="60.665" errors="0">
  <testcase name="ValidateCDCodedoesntMatch" time="15.350" classname="tests.ValidateCDCMisMatch"/>
  <testcase name="ValidateCDCodedoesntMatch" time="14.923" classname="tests.ValidateCDCMisMatch"/>
  <testcase name="ValidateCDCodedoesntMatch" time="15.143" classname="tests.ValidateCDCMisMatch"/>
  <testcase name="ValidateCDCodedoesntMatch" time="15.249" classname="tests.ValidateCDCMisMatch"/>
</testsuite> <!-- tests.ValidateCDCMisMatch -->
