<?xml version="1.0" encoding="UTF-8"?>
<!-- Generated by org.testng.reporters.JUnitReportReporter -->
<testsuite skipped="0" hostname="EG-HGALAL-2" name="tests.AddPrimaryMember" tests="1" failures="0" timestamp="27 Jul 2020 15:26:02 GMT" time="26.988" errors="0">
  <testcase name="AddnewPlanRate" time="26.988" classname="tests.AddPrimaryMember"/>
</testsuite> <!-- tests.AddPrimaryMember -->
