<?xml version="1.0" encoding="UTF-8"?>
<!-- Generated by org.testng.reporters.JUnitReportReporter -->
<testsuite skipped="0" hostname="EG-HGalal-2" name="tests.ValidateMandatoryField" tests="1" failures="0" timestamp="30 Dec 2019 18:45:43 GMT" time="3.306" errors="0">
  <testcase name="ValidateMandatoryfield" time="3.306" classname="tests.ValidateMandatoryField"/>
</testsuite> <!-- tests.ValidateMandatoryField -->
