<?xml version="1.0" encoding="UTF-8"?>
<!-- Generated by org.testng.reporters.JUnitReportReporter -->
<testsuite hostname="EG-H8LM3B3" failures="0" tests="1" name="tests.AgentSettingsTest" time="61.577" errors="0" timestamp="04 Jan 2022 12:41:26 GMT" skipped="0">
  <testcase classname="tests.AgentSettingsTest" name="CheckAgentSetting" time="61.577"/>
</testsuite> <!-- tests.AgentSettingsTest -->
