<?xml version="1.0" encoding="UTF-8"?>
<!-- Generated by org.testng.reporters.JUnitReportReporter -->
<testsuite skipped="0" hostname="EG-HGALAL-2" name="tests.AgentSettingsTest" tests="1" failures="0" timestamp="03 Mar 2021 13:30:21 GMT" time="32.456" errors="0">
  <testcase name="CheckAgentSetting" time="32.456" classname="tests.AgentSettingsTest"/>
</testsuite> <!-- tests.AgentSettingsTest -->
