<?xml version="1.0" encoding="UTF-8"?>
<!-- Generated by org.testng.reporters.JUnitReportReporter -->
<testsuite skipped="1" hostname="EG-HGalal-2" name="tests.ValidateInvalidCdCodeFormat" tests="1" failures="0" timestamp="04 Sep 2019 12:20:13 GMT" time="0.000" errors="0">
  <testcase name="ValidateInvalidCdCFormat" time="0.000" classname="tests.ValidateInvalidCdCodeFormat">
    <skipped/>
  </testcase> <!-- ValidateInvalidCdCFormat -->
</testsuite> <!-- tests.ValidateInvalidCdCodeFormat -->
