<?xml version="1.0" encoding="UTF-8"?>
<!-- Generated by org.testng.reporters.JUnitReportReporter -->
<testsuite skipped="0" hostname="EG-HGalal-2" name="tests.ValidateErrorMessages" tests="1" failures="0" timestamp="21 Aug 2019 15:00:43 GMT" time="8.790" errors="0">
  <testcase name="f" time="8.790" classname="tests.ValidateErrorMessages"/>
</testsuite> <!-- tests.ValidateErrorMessages -->
