<?xml version="1.0" encoding="UTF-8"?>
<!-- Generated by org.testng.reporters.JUnitReportReporter -->
<testsuite skipped="0" hostname="EG-HGalal-2" name="tests.ValidateThePlanNotFound" tests="2" failures="0" timestamp="11 Sep 2019 13:30:03 GMT" time="19.511" errors="0">
  <testcase name="ValidatethePlanNotFound" time="9.259" classname="tests.ValidateThePlanNotFound"/>
  <testcase name="ValidatethePlanNotFound" time="10.252" classname="tests.ValidateThePlanNotFound"/>
</testsuite> <!-- tests.ValidateThePlanNotFound -->
