<?xml version="1.0" encoding="UTF-8"?>
<!-- Generated by org.testng.reporters.JUnitReportReporter -->
<testsuite skipped="0" hostname="EG-HGalal-2" name="tests.NewTestforExcel" tests="1" failures="0" timestamp="28 Aug 2019 14:08:45 GMT" time="65.809" errors="0">
  <testcase name="f1" time="65.809" classname="tests.NewTestforExcel"/>
</testsuite> <!-- tests.NewTestforExcel -->
