<?xml version="1.0" encoding="UTF-8"?>
<!-- Generated by org.testng.reporters.JUnitReportReporter -->
<testsuite skipped="0" hostname="EG-HGALAL-2" name="tests.AddLifeCustomerTest" tests="2" failures="0" timestamp="02 Nov 2020 17:23:45 GMT" time="91.650" errors="0">
  <testcase name="addlifecustomer" time="42.348" classname="tests.AddLifeCustomerTest"/>
  <testcase name="addlifecustomer" time="49.302" classname="tests.AddLifeCustomerTest"/>
</testsuite> <!-- tests.AddLifeCustomerTest -->
