<?xml version="1.0" encoding="UTF-8"?>
<!-- Generated by org.testng.reporters.JUnitReportReporter -->
<testsuite skipped="0" hostname="EG-HGalal-2" name="tests.ValidateThePlanErrors" tests="2" failures="0" timestamp="30 Dec 2019 18:45:43 GMT" time="17.820" errors="0">
  <testcase name="ValidatethePlanNotFound" time="9.156" classname="tests.ValidateThePlanErrors"/>
  <testcase name="ValidatethePlanNotFound" time="8.664" classname="tests.ValidateThePlanErrors"/>
</testsuite> <!-- tests.ValidateThePlanErrors -->
